<?xml version="1.0" encoding="UTF-8"?>
<testsuite xmlns:xsi="http://www.w3.org/2001/XMLSchema-instance" xsi:noNamespaceSchemaLocation="https://maven.apache.org/surefire/maven-surefire-plugin/xsd/surefire-test-report-3.0.xsd" version="3.0" name="com.ucu.raft.service.RaftServiceTest" time="0.063" tests="6" errors="0" skipped="0" failures="0">
  <properties>
[...]
</properties>
  <testcase name="handleAppendEntries" classname="com.ucu.raft.service.RaftServiceTest" time="0.028"/>
  <testcase name="processClientCommand" classname="com.ucu.raft.service.RaftServiceTest" time="0.001"/>
  <testcase name="setRaftScheduler" classname="com.ucu.raft.service.RaftServiceTest" time="0.001"/>
  <testcase name="sendHeartbeats" classname="com.ucu.raft.service.RaftServiceTest" time="0.002"/>
  <testcase name="startElection" classname="com.ucu.raft.service.RaftServiceTest" time="0.002"/>
  <testcase name="handleRequestVote" classname="com.ucu.raft.service.RaftServiceTest" time="0.001"/>
</testsuite>